Arguments: 
  /usr/local/bin/node /usr/local/Cellar/yarn/1.2.1/libexec/bin/yarn.js start

PATH: 
  /usr/local/bin:/usr/bin:/bin:/usr/sbin:/sbin

Yarn version: 
  1.2.1

Node version: 
  6.11.2

Platform: 
  darwin x64

npm manifest: 
  {
    "name": "create-react-express-app",
    "version": "1.0.0",
    "description": "Mern Demo",
    "main": "server.js",
    "scripts": {
      "server": "node server.js",
      "client": "node scripts/start-client.js",
      "start": "concurrently \"nodemon server.js\" \"npm run client\"",
      "build": "node scripts/build.js",
      "test": "echo \"Error: no test specified\" && exit 1",
      "heroku-postbuild": "cd client && npm install --only=dev && npm install && npm run build"
    },
    "author": "",
    "license": "ISC",
    "devDependencies": {
      "concurrently": "^3.5.0",
      "nodemon": "^1.11.0"
    },
    "dependencies": {
      "axios": "^0.17.0",
      "body-parser": "^1.18.2",
      "express": "^4.15.4",
      "firebase": "^4.6.0",
      "morgan": "^1.9.0",
      "moviedb": "^0.2.10",
  <<<<<<< HEAD
      "react-router-dom": "^4.2.2"
  =======
      "mysql": "^2.15.0",
      "mysql2": "^1.4.2",
      "react-router-dom": "^4.2.2",
      "sequelize": "^4.18.0"
  >>>>>>> 7cc7afd7404bee406012a5ef8a309fcfc6dd125c
    }
  }

yarn manifest: 
  No manifest

Lockfile: 
  No lockfile

Trace: 
  SyntaxError: /Users/anna/Documents/Homework/pick-a-flick/package.json: Unexpected token < in JSON at position 769
      at Object.parse (native)
      at /usr/local/Cellar/yarn/1.2.1/libexec/lib/cli.js:770:59
      at next (native)
      at step (/usr/local/Cellar/yarn/1.2.1/libexec/lib/cli.js:92:30)
      at /usr/local/Cellar/yarn/1.2.1/libexec/lib/cli.js:103:13
